0 info it worked if it ends with ok
1 verbose cli [ '/usr/local/bin/node', '/usr/local/bin/npm', 'publish' ]
2 info using npm@3.10.10
3 info using node@v6.9.4
4 verbose publish [ '.' ]
5 silly cache add args [ '.', null ]
6 verbose cache add spec .
7 silly cache add parsed spec Result {
7 silly cache add   raw: '.',
7 silly cache add   scope: null,
7 silly cache add   escapedName: null,
7 silly cache add   name: null,
7 silly cache add   rawSpec: '.',
7 silly cache add   spec: '/Users/osi/development/packages/generators-js',
7 silly cache add   type: 'directory' }
8 verbose addLocalDirectory /Users/osi/.npm/generators-js/0.1.4/package.tgz not in flight; packing
9 verbose correctMkdir /Users/osi/.npm correctMkdir not in flight; initializing
10 info lifecycle generators-js@0.1.4~prepublish: generators-js@0.1.4
11 silly lifecycle generators-js@0.1.4~prepublish: no script for prepublish, continuing
12 verbose tar pack [ '/Users/osi/.npm/generators-js/0.1.4/package.tgz',
12 verbose tar pack   '/Users/osi/development/packages/generators-js' ]
13 verbose tarball /Users/osi/.npm/generators-js/0.1.4/package.tgz
14 verbose folder /Users/osi/development/packages/generators-js
15 verbose addLocalTarball adding from inside cache /Users/osi/.npm/generators-js/0.1.4/package.tgz
16 verbose correctMkdir /Users/osi/.npm correctMkdir not in flight; initializing
17 silly cache afterAdd generators-js@0.1.4
18 verbose afterAdd /Users/osi/.npm/generators-js/0.1.4/package/package.json not in flight; writing
19 verbose correctMkdir /Users/osi/.npm correctMkdir not in flight; initializing
20 verbose afterAdd /Users/osi/.npm/generators-js/0.1.4/package/package.json written
21 silly publish { name: 'generators-js',
21 silly publish   version: '0.1.4',
21 silly publish   description: 'helpful generators for javascript projects',
21 silly publish   main: 'index.js',
21 silly publish   scripts:
21 silly publish    { generate: 'plop --plopfile ./src/generators/index.js',
21 silly publish      test: 'jest' },
21 silly publish   keywords: [ 'generators', 'javascript', 'automation' ],
21 silly publish   jsgen: { root: './example' },
21 silly publish   author: { name: 'Andrew Grewell', email: 'andrewgrewell@gmail.com' },
21 silly publish   license: 'MIT',
21 silly publish   dependencies:
21 silly publish    { 'constant-case-strings': '^2.0.0',
21 silly publish      'inquirer-select-directory': '1.2.0',
21 silly publish      'lodash.zip': '^4.2.0',
21 silly publish      plop: '^1.9.0',
21 silly publish      shelljs: '^0.7.8' },
21 silly publish   readme: '# JS Generators\nA Suite of generators that are helpful for React projects.\n\nThese are what I use in my projects so they make assumptions about file structure and dependencies.\nI likely will not spend time making this something that will work for any project, so feel free to fork and tweak it to fit your needs.\n\n**TODO**\n- support parsing editor output in reducers and prompting to create state setters if they don\'t exist. e.g.\nif the output looks like `return state.setSomeSetter(arg1, arg2);` look at the state model for `setSomeSetter` if it\nisn\'t found, prompt to create it, passing in `arg1, arg2`',
21 silly publish   readmeFilename: 'README.md',
21 silly publish   gitHead: '0e965af616156f7e92647421a49ffe923f421ddc',
21 silly publish   _id: 'generators-js@0.1.4',
21 silly publish   _shasum: 'b347e9511debc019632bcfa5f9b77c2e3ffef340',
21 silly publish   _from: '.' }
22 verbose getPublishConfig undefined
23 silly mapToRegistry name generators-js
24 silly mapToRegistry using default registry
25 silly mapToRegistry registry https://registry.npmjs.org/
26 silly mapToRegistry data Result {
26 silly mapToRegistry   raw: 'generators-js',
26 silly mapToRegistry   scope: null,
26 silly mapToRegistry   escapedName: 'generators-js',
26 silly mapToRegistry   name: 'generators-js',
26 silly mapToRegistry   rawSpec: '',
26 silly mapToRegistry   spec: 'latest',
26 silly mapToRegistry   type: 'tag' }
27 silly mapToRegistry uri https://registry.npmjs.org/generators-js
28 verbose publish registryBase https://registry.npmjs.org/
29 silly publish uploading /Users/osi/.npm/generators-js/0.1.4/package.tgz
30 verbose request uri https://registry.npmjs.org/generators-js
31 verbose request sending authorization for write operation
32 info attempt registry request try #1 at 2:16:14 PM
33 verbose request using bearer token for auth
34 verbose request id 7b3ee1e2e75a5121
35 http request PUT https://registry.npmjs.org/generators-js
36 http 403 https://registry.npmjs.org/generators-js
37 verbose headers { 'content-type': 'application/json',
37 verbose headers   'cache-control': 'max-age=300',
37 verbose headers   'content-length': '91',
37 verbose headers   'accept-ranges': 'bytes',
37 verbose headers   date: 'Fri, 24 Nov 2017 22:16:16 GMT',
37 verbose headers   via: '1.1 varnish',
37 verbose headers   connection: 'keep-alive',
37 verbose headers   'x-served-by': 'cache-sea1032-SEA',
37 verbose headers   'x-cache': 'MISS',
37 verbose headers   'x-cache-hits': '0',
37 verbose headers   'x-timer': 'S1511561776.649776,VS0,VE622',
37 verbose headers   vary: 'Accept-Encoding, Accept' }
38 verbose request invalidating /Users/osi/.npm/registry.npmjs.org/generators-js on PUT
39 error publish Failed PUT 403
40 verbose stack Error: You cannot publish over the previously published version 0.1.4. : generators-js
40 verbose stack     at makeError (/usr/local/lib/node_modules/npm/node_modules/npm-registry-client/lib/request.js:302:12)
40 verbose stack     at CachingRegistryClient.<anonymous> (/usr/local/lib/node_modules/npm/node_modules/npm-registry-client/lib/request.js:290:14)
40 verbose stack     at Request._callback (/usr/local/lib/node_modules/npm/node_modules/npm-registry-client/lib/request.js:210:14)
40 verbose stack     at Request.self.callback (/usr/local/lib/node_modules/npm/node_modules/request/request.js:187:22)
40 verbose stack     at emitTwo (events.js:106:13)
40 verbose stack     at Request.emit (events.js:191:7)
40 verbose stack     at Request.<anonymous> (/usr/local/lib/node_modules/npm/node_modules/request/request.js:1048:10)
40 verbose stack     at emitOne (events.js:96:13)
40 verbose stack     at Request.emit (events.js:188:7)
40 verbose stack     at IncomingMessage.<anonymous> (/usr/local/lib/node_modules/npm/node_modules/request/request.js:969:12)
41 verbose statusCode 403
42 verbose pkgid generators-js
43 verbose cwd /Users/osi/development/packages/generators-js
44 error Darwin 16.5.0
45 error argv "/usr/local/bin/node" "/usr/local/bin/npm" "publish"
46 error node v6.9.4
47 error npm  v3.10.10
48 error code E403
49 error You cannot publish over the previously published version 0.1.4. : generators-js
50 error If you need help, you may report this error at:
50 error     <https://github.com/npm/npm/issues>
51 verbose exit [ 1, true ]
